11/10/2020 18:50:56: Iniciando os trabalhos
11/10/2020 18:50:57: Não foi possível copiar o arquivo "{/img_B10.E01/vol_vol3/Users/admin/AppData/Local/Temp/DRP.png}"

11/10/2020 18:50:57: Não foi possível copiar o arquivo "{/img_B10.E01/vol_vol3/Program Files (x86)/Microsoft Office/root/vfs/ProgramFilesCommonX86/Microsoft Shared/OFFICE16/MSO40UIRES.DLL>>Carved-3835464.png}"

11/10/2020 18:50:57: Não foi possível copiar o arquivo "{/img_B10.E01/vol_vol3/Program Files (x86)/Microsoft Office/root/Office16/LyncDesktopSmartBitmapResources.dll>>Carved-23727912.png}"

11/10/2020 18:50:57: Não foi possível copiar o arquivo "{/img_B10.E01/vol_vol3/Program Files (x86)/Microsoft Office/root/Office16/LyncDesktopSmartBitmapResources.dll>>Carved-24490344.png}"

11/10/2020 18:50:57: Não foi possível copiar o arquivo "{/img_B10.E01/vol_vol3/Program Files (x86)/Microsoft Office/root/Office16/LyncDesktopSmartBitmapResources.dll>>Carved-24584128.png}"

11/10/2020 18:50:57: Não foi possível copiar o arquivo "{/img_B10.E01/vol_vol3/Program Files (x86)/Microsoft Office/root/Office16/LyncDesktopSmartBitmapResources.dll>>Carved-24623164.png}"

11/10/2020 18:50:57: Não foi possível copiar o arquivo indexador\subitens\1\9\1916D46A4C96FBF9D52BA5AF76738516.jpeg

11/10/2020 18:50:57: Não foi possível copiar o arquivo "{/img_B10.E01/vol_vol3/Program Files (x86)/Microsoft Office/root/Office16/LyncDesktopSmartBitmapResources.dll>>Carved-31542228.png}"

11/10/2020 18:50:57: Não foi possível copiar o arquivo "{/img_B10.E01/vol_vol3/Program Files (x86)/Microsoft Office/root/Office16/LyncDesktopSmartBitmapResources.dll>>Carved-29945972.png}"

11/10/2020 18:50:57: Não foi possível copiar o arquivo "{/img_B10.E01/vol_vol3/Program Files (x86)/Microsoft Office/root/Office16/LyncDesktopSmartBitmapResources.dll>>Carved-30712536.png}"

11/10/2020 18:50:57: Não foi possível copiar o arquivo "{/img_B10.E01/vol_vol3/Program Files (x86)/Microsoft Office/root/Office16/LyncDesktopSmartBitmapResources.dll>>Carved-30774764.png}"

11/10/2020 18:50:57: Não foi possível copiar o arquivo "{/img_B10.E01/vol_vol3/Program Files (x86)/Microsoft Office/root/Office16/LyncDesktopSmartBitmapResources.dll>>Carved-30808320.png}"

11/10/2020 18:50:57: Não foi possível copiar o arquivo "{/img_B10.E01/vol_vol3/Program Files (x86)/Microsoft Office/root/Office16/LyncDesktopSmartBitmapResources.dll>>Carved-32491404.png}"

11/10/2020 18:50:57: Não foi possível copiar o arquivo "{/img_B10.E01/vol_vol3/Program Files (x86)/Microsoft Office/root/Office16/LyncDesktopSmartBitmapResources.dll>>Carved-32685220.png}"

11/10/2020 18:50:57: Não foi possível copiar o arquivo "{/img_B10.E01/vol_vol3/Program Files (x86)/Microsoft Office/root/Office16/LyncDesktopSmartBitmapResources.dll>>Carved-30750028.png}"

11/10/2020 18:50:57: Não foi possível copiar o arquivo "{/img_B10.E01/vol_vol3/pagefile.sys>>Carved-704364544.png}"

11/10/2020 18:50:57: Não foi possível copiar o arquivo "{/img_B10.E01/vol_vol3/pagefile.sys>>Carved-705360048.jpg}"

11/10/2020 18:50:57: Não foi possível copiar o arquivo "{/img_B10.E01/vol_vol3/pagefile.sys>>Carved-705743882.jpg}"

11/10/2020 18:50:57: Não foi possível copiar o arquivo "{/img_B10.E01/vol_vol3/Program Files/Realtek/Audio/HDA/DarkSkinImages64.dll>>Carved-854076.png}"

11/10/2020 18:50:57: Não foi possível copiar o arquivo "{/img_B10.E01/vol_vol3/Program Files (x86)/Microsoft Office/root/Office16/LyncDesktopSmartBitmapResources.dll>>Carved-32312140.png}"

11/10/2020 18:50:57: Não foi possível copiar o arquivo "{/img_B10.E01/vol_vol3/pagefile.sys>>Carved-688721920.jpg}"

11/10/2020 18:50:57: Não foi possível copiar o arquivo "{/img_B10.E01/vol_vol3/Program Files (x86)/Microsoft Office/root/Office16/LyncDesktopSmartBitmapResources.dll>>Carved-32597088.png}"

11/10/2020 18:50:57: Não foi possível copiar o arquivo "{/img_B10.E01/vol_vol3/Program Files (x86)/Microsoft Office/root/Office16/LyncDesktopSmartBitmapResources.dll>>Carved-33149100.png}"

11/10/2020 18:50:57: Não foi possível copiar o arquivo "{/img_B10.E01/vol_vol3/Program Files (x86)/Microsoft Office/root/Office16/LyncDesktopSmartBitmapResources.dll>>Carved-33215204.png}"

11/10/2020 18:50:57: Não foi possível copiar o arquivo "{/img_B10.E01/vol_vol3/Program Files (x86)/Microsoft Office/root/Office16/LyncDesktopSmartBitmapResources.dll>>Carved-31968188.png}"

11/10/2020 18:50:57: Não foi possível copiar o arquivo "{/img_B10.E01/vol_vol3/Program Files (x86)/Microsoft Office/root/Office16/LyncDesktopSmartBitmapResources.dll>>Carved-32104804.png}"

11/10/2020 18:50:57: Não foi possível copiar o arquivo "{/img_B10.E01/vol_vol3/Program Files (x86)/Microsoft Office/root/Office16/LyncDesktopSmartBitmapResources.dll>>Carved-32891144.png}"

11/10/2020 18:50:57: Não foi possível copiar o arquivo "{/img_B10.E01/vol_vol3/pagefile.sys>>Carved-706489734.jpg}"

11/10/2020 18:50:57: Não foi possível copiar o arquivo "{/img_B10.E01/vol_vol3/Program Files (x86)/Microsoft Office/root/Office16/ADDINS/PowerPivot Excel Add-in/Microsoft.AnalysisServices.Excel.Common.FrontEnd.dll>>Carved-5133524.jpg}"

11/10/2020 18:50:57: Não foi possível copiar o arquivo "{/img_B10.E01/vol_vol3/Program Files (x86)/Microsoft Office/root/Office16/ADDINS/PowerPivot Excel Add-in/Microsoft.AnalysisServices.Excel.Common.FrontEnd.dll>>Carved-5202900.jpg}"

11/10/2020 18:50:57: Não foi possível copiar o arquivo "{/img_B10.E01/vol_vol3/Program Files (x86)/Microsoft Office/root/Office16/ADDINS/PowerPivot Excel Add-in/Microsoft.AnalysisServices.Excel.Common.FrontEnd.dll>>Carved-5226588.jpg}"

11/10/2020 18:50:57: Não foi possível copiar o arquivo "{/img_B10.E01/vol_vol3/Program Files (x86)/Microsoft Office/root/Office16/ADDINS/PowerPivot Excel Add-in/Microsoft.AnalysisServices.Excel.Common.FrontEnd.dll>>Carved-5295964.jpg}"

11/10/2020 18:50:57: Não foi possível copiar o arquivo "{/img_B10.E01/vol_vol3/Program Files (x86)/Microsoft Office/root/Office16/ADDINS/Microsoft Power Query for Excel Integrated/bin/Microsoft.Mashup.Client.UI.dll>>Carved-9507668.png}"

11/10/2020 18:50:57: Não foi possível copiar o arquivo "{/img_B10.E01/vol_vol3/Program Files (x86)/Microsoft Office/root/Office16/ADDINS/Microsoft Power Query for Excel Integrated/bin/Microsoft.Mashup.Client.UI.dll>>Carved-9512041.png}"

11/10/2020 18:50:57: Não foi possível copiar o arquivo "{/img_B10.E01/vol_vol3/Program Files (x86)/Microsoft Office/root/Office16/LyncDesktopSmartBitmapResources.dll>>Carved-24815748.png}"

11/10/2020 18:50:57: Não foi possível copiar o arquivo "{/img_B10.E01/vol_vol3/Program Files (x86)/Microsoft Office/root/Office16/ADDINS/Microsoft Power Query for Excel Integrated/bin/Microsoft.Mashup.Client.UI.dll>>Carved-9516414.png}"

11/10/2020 18:50:57: Não foi possível copiar o arquivo "{/img_B10.E01/vol_vol3/Program Files (x86)/Microsoft Office/root/Office16/LyncDesktopSmartBitmapResources.dll>>Carved-37011372.png}"

11/10/2020 18:50:57: Não foi possível copiar o arquivo "{/img_B10.E01/vol_vol3/Program Files (x86)/Microsoft Office/root/Office16/LyncDesktopSmartBitmapResources.dll>>Carved-37194956.png}"

11/10/2020 18:50:57: Não foi possível copiar o arquivo "{/img_B10.E01/vol_vol3/Program Files (x86)/Microsoft Office/root/Office16/LyncDesktopSmartBitmapResources.dll>>Carved-34063216.png}"

11/10/2020 18:50:57: Não foi possível copiar o arquivo "{/img_B10.E01/vol_vol3/pagefile.sys>>Carved-758243504.jpg}"

11/10/2020 18:50:57: Não foi possível copiar o arquivo "{/img_B10.E01/vol_vol3/Program Files (x86)/Microsoft Office/root/Office16/LyncDesktopSmartBitmapResources.dll>>Carved-34097332.png}"

11/10/2020 18:50:57: Não foi possível copiar o arquivo "{/img_B10.E01/vol_vol3/Program Files (x86)/Microsoft Office/root/Office16/LyncDesktopSmartBitmapResources.dll>>Carved-34769288.png}"

11/10/2020 18:50:57: Não foi possível copiar o arquivo "{/img_B10.E01/vol_vol3/Program Files (x86)/Microsoft Office/root/Office16/LyncDesktopSmartBitmapResources.dll>>Carved-34790432.png}"

11/10/2020 18:50:57: Não foi possível copiar o arquivo "{/img_B10.E01/vol_vol3/Program Files (x86)/Microsoft Office/root/Office16/LyncDesktopSmartBitmapResources.dll>>Carved-35022948.png}"

11/10/2020 18:50:57: Não foi possível copiar o arquivo "{/img_B10.E01/vol_vol3/Program Files (x86)/Microsoft Office/root/Office16/LyncDesktopSmartBitmapResources.dll>>Carved-35911576.png}"

11/10/2020 18:50:57: Não foi possível copiar o arquivo "{/img_B10.E01/vol_vol3/Program Files (x86)/Microsoft Office/root/Office16/LyncDesktopSmartBitmapResources.dll>>Carved-37467968.png}"

11/10/2020 18:50:57: Não foi possível copiar o arquivo "{/img_B10.E01/vol_vol3/Program Files (x86)/Microsoft Office/root/Office16/LyncDesktopSmartBitmapResources.dll>>Carved-37946812.png}"

11/10/2020 18:50:57: Não foi possível copiar o arquivo "{/img_B10.E01/vol_vol3/Program Files (x86)/Microsoft Office/root/Office16/LyncDesktopSmartBitmapResources.dll>>Carved-33925952.png}"

11/10/2020 18:50:57: Não foi possível copiar o arquivo "{/img_B10.E01/vol_vol3/Program Files (x86)/Microsoft Office/root/Office16/LyncDesktopSmartBitmapResources.dll>>Carved-34025716.png}"

11/10/2020 18:50:57: Não foi possível copiar o arquivo "{/img_B10.E01/vol_vol3/pagefile.sys>>Carved-754765824.png}"

